-------------------------------------------------------------------------------
Test set: ru.hogwarts.school.SchoolApplicationWithMockTest
-------------------------------------------------------------------------------
Tests run: 7, Failures: 0, Errors: 7, Skipped: 0, Time elapsed: 1.825 s <<< FAILURE! - in ru.hogwarts.school.SchoolApplicationWithMockTest
deleteFacultyByID  Time elapsed: 0 s  <<< ERROR!
java.lang.IllegalStateException: Failed to load ApplicationContext
Caused by: org.springframework.beans.factory.UnsatisfiedDependencyException: Error creating bean with name 'facultyController' defined in file [C:\Users\dmitr\Desktop\ru.skypro\course3\school\target\classes\ru\hogwarts\school\controller\FacultyController.class]: Unsatisfied dependency expressed through constructor parameter 0; nested exception is org.springframework.beans.factory.UnsatisfiedDependencyException: Error creating bean with name 'ru.hogwarts.school.service.FacultyService#0': Unsatisfied dependency expressed through constructor parameter 1; nested exception is org.springframework.beans.factory.BeanCreationException: Error creating bean with name 'ru.hogwarts.school.mapper.FacultyMapper#0': Instantiation of bean failed; nested exception is org.springframework.beans.BeanInstantiationException: Failed to instantiate [ru.hogwarts.school.mapper.FacultyMapper]: Specified class is an interface
Caused by: org.springframework.beans.factory.UnsatisfiedDependencyException: Error creating bean with name 'ru.hogwarts.school.service.FacultyService#0': Unsatisfied dependency expressed through constructor parameter 1; nested exception is org.springframework.beans.factory.BeanCreationException: Error creating bean with name 'ru.hogwarts.school.mapper.FacultyMapper#0': Instantiation of bean failed; nested exception is org.springframework.beans.BeanInstantiationException: Failed to instantiate [ru.hogwarts.school.mapper.FacultyMapper]: Specified class is an interface
Caused by: org.springframework.beans.factory.BeanCreationException: Error creating bean with name 'ru.hogwarts.school.mapper.FacultyMapper#0': Instantiation of bean failed; nested exception is org.springframework.beans.BeanInstantiationException: Failed to instantiate [ru.hogwarts.school.mapper.FacultyMapper]: Specified class is an interface
Caused by: org.springframework.beans.BeanInstantiationException: Failed to instantiate [ru.hogwarts.school.mapper.FacultyMapper]: Specified class is an interface

getFacultiesByNameIgnoreCase  Time elapsed: 0.001 s  <<< ERROR!
java.lang.IllegalStateException: Failed to load ApplicationContext
Caused by: org.springframework.beans.factory.UnsatisfiedDependencyException: Error creating bean with name 'facultyController' defined in file [C:\Users\dmitr\Desktop\ru.skypro\course3\school\target\classes\ru\hogwarts\school\controller\FacultyController.class]: Unsatisfied dependency expressed through constructor parameter 0; nested exception is org.springframework.beans.factory.UnsatisfiedDependencyException: Error creating bean with name 'ru.hogwarts.school.service.FacultyService#0': Unsatisfied dependency expressed through constructor parameter 1; nested exception is org.springframework.beans.factory.BeanCreationException: Error creating bean with name 'ru.hogwarts.school.mapper.FacultyMapper#0': Instantiation of bean failed; nested exception is org.springframework.beans.BeanInstantiationException: Failed to instantiate [ru.hogwarts.school.mapper.FacultyMapper]: Specified class is an interface
Caused by: org.springframework.beans.factory.UnsatisfiedDependencyException: Error creating bean with name 'ru.hogwarts.school.service.FacultyService#0': Unsatisfied dependency expressed through constructor parameter 1; nested exception is org.springframework.beans.factory.BeanCreationException: Error creating bean with name 'ru.hogwarts.school.mapper.FacultyMapper#0': Instantiation of bean failed; nested exception is org.springframework.beans.BeanInstantiationException: Failed to instantiate [ru.hogwarts.school.mapper.FacultyMapper]: Specified class is an interface
Caused by: org.springframework.beans.factory.BeanCreationException: Error creating bean with name 'ru.hogwarts.school.mapper.FacultyMapper#0': Instantiation of bean failed; nested exception is org.springframework.beans.BeanInstantiationException: Failed to instantiate [ru.hogwarts.school.mapper.FacultyMapper]: Specified class is an interface
Caused by: org.springframework.beans.BeanInstantiationException: Failed to instantiate [ru.hogwarts.school.mapper.FacultyMapper]: Specified class is an interface

findFacultyByID  Time elapsed: 0 s  <<< ERROR!
java.lang.IllegalStateException: Failed to load ApplicationContext
Caused by: org.springframework.beans.factory.UnsatisfiedDependencyException: Error creating bean with name 'facultyController' defined in file [C:\Users\dmitr\Desktop\ru.skypro\course3\school\target\classes\ru\hogwarts\school\controller\FacultyController.class]: Unsatisfied dependency expressed through constructor parameter 0; nested exception is org.springframework.beans.factory.UnsatisfiedDependencyException: Error creating bean with name 'ru.hogwarts.school.service.FacultyService#0': Unsatisfied dependency expressed through constructor parameter 1; nested exception is org.springframework.beans.factory.BeanCreationException: Error creating bean with name 'ru.hogwarts.school.mapper.FacultyMapper#0': Instantiation of bean failed; nested exception is org.springframework.beans.BeanInstantiationException: Failed to instantiate [ru.hogwarts.school.mapper.FacultyMapper]: Specified class is an interface
Caused by: org.springframework.beans.factory.UnsatisfiedDependencyException: Error creating bean with name 'ru.hogwarts.school.service.FacultyService#0': Unsatisfied dependency expressed through constructor parameter 1; nested exception is org.springframework.beans.factory.BeanCreationException: Error creating bean with name 'ru.hogwarts.school.mapper.FacultyMapper#0': Instantiation of bean failed; nested exception is org.springframework.beans.BeanInstantiationException: Failed to instantiate [ru.hogwarts.school.mapper.FacultyMapper]: Specified class is an interface
Caused by: org.springframework.beans.factory.BeanCreationException: Error creating bean with name 'ru.hogwarts.school.mapper.FacultyMapper#0': Instantiation of bean failed; nested exception is org.springframework.beans.BeanInstantiationException: Failed to instantiate [ru.hogwarts.school.mapper.FacultyMapper]: Specified class is an interface
Caused by: org.springframework.beans.BeanInstantiationException: Failed to instantiate [ru.hogwarts.school.mapper.FacultyMapper]: Specified class is an interface

getFacultiesByColorIgnoreCase  Time elapsed: 0 s  <<< ERROR!
java.lang.IllegalStateException: Failed to load ApplicationContext
Caused by: org.springframework.beans.factory.UnsatisfiedDependencyException: Error creating bean with name 'facultyController' defined in file [C:\Users\dmitr\Desktop\ru.skypro\course3\school\target\classes\ru\hogwarts\school\controller\FacultyController.class]: Unsatisfied dependency expressed through constructor parameter 0; nested exception is org.springframework.beans.factory.UnsatisfiedDependencyException: Error creating bean with name 'ru.hogwarts.school.service.FacultyService#0': Unsatisfied dependency expressed through constructor parameter 1; nested exception is org.springframework.beans.factory.BeanCreationException: Error creating bean with name 'ru.hogwarts.school.mapper.FacultyMapper#0': Instantiation of bean failed; nested exception is org.springframework.beans.BeanInstantiationException: Failed to instantiate [ru.hogwarts.school.mapper.FacultyMapper]: Specified class is an interface
Caused by: org.springframework.beans.factory.UnsatisfiedDependencyException: Error creating bean with name 'ru.hogwarts.school.service.FacultyService#0': Unsatisfied dependency expressed through constructor parameter 1; nested exception is org.springframework.beans.factory.BeanCreationException: Error creating bean with name 'ru.hogwarts.school.mapper.FacultyMapper#0': Instantiation of bean failed; nested exception is org.springframework.beans.BeanInstantiationException: Failed to instantiate [ru.hogwarts.school.mapper.FacultyMapper]: Specified class is an interface
Caused by: org.springframework.beans.factory.BeanCreationException: Error creating bean with name 'ru.hogwarts.school.mapper.FacultyMapper#0': Instantiation of bean failed; nested exception is org.springframework.beans.BeanInstantiationException: Failed to instantiate [ru.hogwarts.school.mapper.FacultyMapper]: Specified class is an interface
Caused by: org.springframework.beans.BeanInstantiationException: Failed to instantiate [ru.hogwarts.school.mapper.FacultyMapper]: Specified class is an interface

createFaculty  Time elapsed: 0 s  <<< ERROR!
java.lang.IllegalStateException: Failed to load ApplicationContext
Caused by: org.springframework.beans.factory.UnsatisfiedDependencyException: Error creating bean with name 'facultyController' defined in file [C:\Users\dmitr\Desktop\ru.skypro\course3\school\target\classes\ru\hogwarts\school\controller\FacultyController.class]: Unsatisfied dependency expressed through constructor parameter 0; nested exception is org.springframework.beans.factory.UnsatisfiedDependencyException: Error creating bean with name 'ru.hogwarts.school.service.FacultyService#0': Unsatisfied dependency expressed through constructor parameter 1; nested exception is org.springframework.beans.factory.BeanCreationException: Error creating bean with name 'ru.hogwarts.school.mapper.FacultyMapper#0': Instantiation of bean failed; nested exception is org.springframework.beans.BeanInstantiationException: Failed to instantiate [ru.hogwarts.school.mapper.FacultyMapper]: Specified class is an interface
Caused by: org.springframework.beans.factory.UnsatisfiedDependencyException: Error creating bean with name 'ru.hogwarts.school.service.FacultyService#0': Unsatisfied dependency expressed through constructor parameter 1; nested exception is org.springframework.beans.factory.BeanCreationException: Error creating bean with name 'ru.hogwarts.school.mapper.FacultyMapper#0': Instantiation of bean failed; nested exception is org.springframework.beans.BeanInstantiationException: Failed to instantiate [ru.hogwarts.school.mapper.FacultyMapper]: Specified class is an interface
Caused by: org.springframework.beans.factory.BeanCreationException: Error creating bean with name 'ru.hogwarts.school.mapper.FacultyMapper#0': Instantiation of bean failed; nested exception is org.springframework.beans.BeanInstantiationException: Failed to instantiate [ru.hogwarts.school.mapper.FacultyMapper]: Specified class is an interface
Caused by: org.springframework.beans.BeanInstantiationException: Failed to instantiate [ru.hogwarts.school.mapper.FacultyMapper]: Specified class is an interface

getAllFaculties  Time elapsed: 0 s  <<< ERROR!
java.lang.IllegalStateException: Failed to load ApplicationContext
Caused by: org.springframework.beans.factory.UnsatisfiedDependencyException: Error creating bean with name 'facultyController' defined in file [C:\Users\dmitr\Desktop\ru.skypro\course3\school\target\classes\ru\hogwarts\school\controller\FacultyController.class]: Unsatisfied dependency expressed through constructor parameter 0; nested exception is org.springframework.beans.factory.UnsatisfiedDependencyException: Error creating bean with name 'ru.hogwarts.school.service.FacultyService#0': Unsatisfied dependency expressed through constructor parameter 1; nested exception is org.springframework.beans.factory.BeanCreationException: Error creating bean with name 'ru.hogwarts.school.mapper.FacultyMapper#0': Instantiation of bean failed; nested exception is org.springframework.beans.BeanInstantiationException: Failed to instantiate [ru.hogwarts.school.mapper.FacultyMapper]: Specified class is an interface
Caused by: org.springframework.beans.factory.UnsatisfiedDependencyException: Error creating bean with name 'ru.hogwarts.school.service.FacultyService#0': Unsatisfied dependency expressed through constructor parameter 1; nested exception is org.springframework.beans.factory.BeanCreationException: Error creating bean with name 'ru.hogwarts.school.mapper.FacultyMapper#0': Instantiation of bean failed; nested exception is org.springframework.beans.BeanInstantiationException: Failed to instantiate [ru.hogwarts.school.mapper.FacultyMapper]: Specified class is an interface
Caused by: org.springframework.beans.factory.BeanCreationException: Error creating bean with name 'ru.hogwarts.school.mapper.FacultyMapper#0': Instantiation of bean failed; nested exception is org.springframework.beans.BeanInstantiationException: Failed to instantiate [ru.hogwarts.school.mapper.FacultyMapper]: Specified class is an interface
Caused by: org.springframework.beans.BeanInstantiationException: Failed to instantiate [ru.hogwarts.school.mapper.FacultyMapper]: Specified class is an interface

updateFaculty  Time elapsed: 0 s  <<< ERROR!
java.lang.IllegalStateException: Failed to load ApplicationContext
Caused by: org.springframework.beans.factory.UnsatisfiedDependencyException: Error creating bean with name 'facultyController' defined in file [C:\Users\dmitr\Desktop\ru.skypro\course3\school\target\classes\ru\hogwarts\school\controller\FacultyController.class]: Unsatisfied dependency expressed through constructor parameter 0; nested exception is org.springframework.beans.factory.UnsatisfiedDependencyException: Error creating bean with name 'ru.hogwarts.school.service.FacultyService#0': Unsatisfied dependency expressed through constructor parameter 1; nested exception is org.springframework.beans.factory.BeanCreationException: Error creating bean with name 'ru.hogwarts.school.mapper.FacultyMapper#0': Instantiation of bean failed; nested exception is org.springframework.beans.BeanInstantiationException: Failed to instantiate [ru.hogwarts.school.mapper.FacultyMapper]: Specified class is an interface
Caused by: org.springframework.beans.factory.UnsatisfiedDependencyException: Error creating bean with name 'ru.hogwarts.school.service.FacultyService#0': Unsatisfied dependency expressed through constructor parameter 1; nested exception is org.springframework.beans.factory.BeanCreationException: Error creating bean with name 'ru.hogwarts.school.mapper.FacultyMapper#0': Instantiation of bean failed; nested exception is org.springframework.beans.BeanInstantiationException: Failed to instantiate [ru.hogwarts.school.mapper.FacultyMapper]: Specified class is an interface
Caused by: org.springframework.beans.factory.BeanCreationException: Error creating bean with name 'ru.hogwarts.school.mapper.FacultyMapper#0': Instantiation of bean failed; nested exception is org.springframework.beans.BeanInstantiationException: Failed to instantiate [ru.hogwarts.school.mapper.FacultyMapper]: Specified class is an interface
Caused by: org.springframework.beans.BeanInstantiationException: Failed to instantiate [ru.hogwarts.school.mapper.FacultyMapper]: Specified class is an interface

