<?xml version="1.0" encoding="UTF-8"?>
<testsuite xmlns:xsi="http://www.w3.org/2001/XMLSchema-instance" xsi:noNamespaceSchemaLocation="https://maven.apache.org/surefire/maven-surefire-plugin/xsd/surefire-test-report.xsd" name="ru.hogwarts.school.service.StudentServiceTest" time="0.089" tests="10" errors="1" skipped="0" failures="3">
  <properties>
[...]
</properties>
  <testcase name="findStudentByIDPositive" classname="ru.hogwarts.school.service.StudentServiceTest" time="0.051">
    <error message="&#10;Strict stubbing argument mismatch. Please check:&#10; - this invocation of &apos;findById&apos; method:&#10;    studentRepository.findById(1L);&#10;    -&gt; at ru.hogwarts.school.service.StudentService.findStudentByID(StudentService.java:36)&#10; - has following stubbing(s) with different arguments:&#10;    1. studentRepository.findById(null);&#10;      -&gt; at ru.hogwarts.school.service.StudentServiceTest.findStudentByIDPositive(StudentServiceTest.java:56)&#10;Typically, stubbing argument mismatch indicates user mistake when writing tests.&#10;Mockito fails early so that you can debug potential problem easily.&#10;However, there are legit scenarios when this exception generates false negative signal:&#10;  - stubbing the same method multiple times using &apos;given().will()&apos; or &apos;when().then()&apos; API&#10;    Please use &apos;will().given()&apos; or &apos;doReturn().when()&apos; API for stubbing.&#10;  - stubbed method is intentionally invoked with different arguments by code under test&#10;    Please use default or &apos;silent&apos; JUnit Rule (equivalent of Strictness.LENIENT).&#10;For more information see javadoc for PotentialStubbingProblem class." type="org.mockito.exceptions.misusing.PotentialStubbingProblem">org.mockito.exceptions.misusing.PotentialStubbingProblem: 

Strict stubbing argument mismatch. Please check:
 - this invocation of 'findById' method:
    studentRepository.findById(1L);
    -> at ru.hogwarts.school.service.StudentService.findStudentByID(StudentService.java:36)
 - has following stubbing(s) with different arguments:
    1. studentRepository.findById(null);
      -> at ru.hogwarts.school.service.StudentServiceTest.findStudentByIDPositive(StudentServiceTest.java:56)
Typically, stubbing argument mismatch indicates user mistake when writing tests.
Mockito fails early so that you can debug potential problem easily.
However, there are legit scenarios when this exception generates false negative signal:
  - stubbing the same method multiple times using 'given().will()' or 'when().then()' API
    Please use 'will().given()' or 'doReturn().when()' API for stubbing.
  - stubbed method is intentionally invoked with different arguments by code under test
    Please use default or 'silent' JUnit Rule (equivalent of Strictness.LENIENT).
For more information see javadoc for PotentialStubbingProblem class.
	at ru.hogwarts.school.service.StudentServiceTest.findStudentByIDPositive(StudentServiceTest.java:60)
</error>
  </testcase>
  <testcase name="updateStudentPositive" classname="ru.hogwarts.school.service.StudentServiceTest" time="0.01">
    <failure message="&#10;Expecting&#10;  StudentRecord(id=null, name=null, age=0, faculty_id=null, faculty=null)&#10;to have a property or a field named &quot;name&quot; with value&#10;  &quot;testUp&quot;&#10;but value was:&#10;  null&#10;(static and synthetic fields are ignored)" type="java.lang.AssertionError">java.lang.AssertionError: 

Expecting
  StudentRecord(id=null, name=null, age=0, faculty_id=null, faculty=null)
to have a property or a field named "name" with value
  "testUp"
but value was:
  null
(static and synthetic fields are ignored)
	at ru.hogwarts.school.service.StudentServiceTest.updateStudentPositive(StudentServiceTest.java:78)
</failure>
  </testcase>
  <testcase name="updateStudentNegative" classname="ru.hogwarts.school.service.StudentServiceTest" time="0.002"/>
  <testcase name="createStudentPositiveTest" classname="ru.hogwarts.school.service.StudentServiceTest" time="0.002"/>
  <testcase name="findFacultyByStudentsId" classname="ru.hogwarts.school.service.StudentServiceTest" time="0.006"/>
  <testcase name="findStudentByAgeBetween" classname="ru.hogwarts.school.service.StudentServiceTest" time="0.003">
    <failure message="&#10;Expecting actual:&#10;  []&#10;to contain at least one of the following elements:&#10;  [19, 20, 21]&#10;but none were found " type="java.lang.AssertionError">java.lang.AssertionError: 

Expecting actual:
  []
to contain at least one of the following elements:
  [19, 20, 21]
but none were found 
	at ru.hogwarts.school.service.StudentServiceTest.findStudentByAgeBetween(StudentServiceTest.java:137)
</failure>
  </testcase>
  <testcase name="getAllStudents" classname="ru.hogwarts.school.service.StudentServiceTest" time="0.001"/>
  <testcase name="deleteStudentByIDPositive" classname="ru.hogwarts.school.service.StudentServiceTest" time="0.003"/>
  <testcase name="deleteStudentByIDNegative" classname="ru.hogwarts.school.service.StudentServiceTest" time="0.002"/>
  <testcase name="getAllStudentsByAge" classname="ru.hogwarts.school.service.StudentServiceTest" time="0.003">
    <failure message="&#10;Expecting ArrayList:&#10;  []&#10;to contain only:&#10;  [20]&#10;but could not find the following element(s):&#10;  [20]&#10;" type="java.lang.AssertionError">java.lang.AssertionError: 

Expecting ArrayList:
  []
to contain only:
  [20]
but could not find the following element(s):
  [20]

	at ru.hogwarts.school.service.StudentServiceTest.getAllStudentsByAge(StudentServiceTest.java:124)
</failure>
  </testcase>
</testsuite>